{"/home/nubiaa/Descargas/proyecto_ts/app.ts": {"path":"/home/nubiaa/Descargas/proyecto_ts/app.ts","statementMap":{"0":{"start":{"line":1,"column":0},"end":{"line":1,"column":67}},"1":{"start":{"line":2,"column":0},"end":{"line":2,"column":31}},"2":{"start":{"line":3,"column":0},"end":{"line":3,"column":41}},"3":{"start":{"line":4,"column":0},"end":{"line":4,"column":24}},"4":{"start":{"line":5,"column":0},"end":{"line":5,"column":43}},"5":{"start":{"line":6,"column":0},"end":{"line":6,"column":28}},"6":{"start":{"line":7,"column":0},"end":{"line":7,"column":59}},"7":{"start":{"line":9,"column":12},"end":{"line":9,"column":21}},"8":{"start":{"line":10,"column":19},"end":{"line":10,"column":55}},"9":{"start":{"line":12,"column":0},"end":{"line":29,"column":2}},"10":{"start":{"line":31,"column":0},"end":{"line":35,"column":3}},"11":{"start":{"line":32,"column":4},"end":{"line":32,"column":25}},"12":{"start":{"line":33,"column":4},"end":{"line":33,"column":25}},"13":{"start":{"line":34,"column":4},"end":{"line":34,"column":11}},"14":{"start":{"line":37,"column":0},"end":{"line":42,"column":4}},"15":{"start":{"line":44,"column":16},"end":{"line":50,"column":2}},"16":{"start":{"line":51,"column":0},"end":{"line":51,"column":17}},"17":{"start":{"line":53,"column":0},"end":{"line":53,"column":48}},"18":{"start":{"line":54,"column":0},"end":{"line":54,"column":24}},"19":{"start":{"line":55,"column":0},"end":{"line":55,"column":24}},"20":{"start":{"line":62,"column":8},"end":{"line":62,"column":23}},"21":{"start":{"line":63,"column":8},"end":{"line":63,"column":42}},"22":{"start":{"line":64,"column":8},"end":{"line":64,"column":37}},"23":{"start":{"line":65,"column":8},"end":{"line":65,"column":34}},"24":{"start":{"line":66,"column":8},"end":{"line":66,"column":85}},"25":{"start":{"line":66,"column":37},"end":{"line":66,"column":85}},"26":{"start":{"line":70,"column":40},"end":{"line":70,"column":80}},"27":{"start":{"line":73,"column":55},"end":{"line":73,"column":75}},"28":{"start":{"line":73,"column":76},"end":{"line":73,"column":97}},"29":{"start":{"line":76,"column":45},"end":{"line":76,"column":65}},"30":{"start":{"line":80,"column":24},"end":{"line":80,"column":38}},"31":{"start":{"line":80,"column":48},"end":{"line":80,"column":62}},"32":{"start":{"line":81,"column":23},"end":{"line":81,"column":75}},"33":{"start":{"line":87,"column":36},"end":{"line":87,"column":47}},"34":{"start":{"line":87,"column":57},"end":{"line":87,"column":76}},"35":{"start":{"line":87,"column":86},"end":{"line":87,"column":105}},"36":{"start":{"line":87,"column":115},"end":{"line":87,"column":136}},"37":{"start":{"line":86,"column":12},"end":{"line":86,"column":41}},"38":{"start":{"line":87,"column":140},"end":{"line":87,"column":153}},"39":{"start":{"line":88,"column":29},"end":{"line":88,"column":44}},"40":{"start":{"line":89,"column":26},"end":{"line":89,"column":45}},"41":{"start":{"line":90,"column":45},"end":{"line":90,"column":71}},"42":{"start":{"line":92,"column":8},"end":{"line":92,"column":188}},"43":{"start":{"line":92,"column":152},"end":{"line":92,"column":163}},"44":{"start":{"line":96,"column":22},"end":{"line":100,"column":2}},"45":{"start":{"line":102,"column":11},"end":{"line":105,"column":2}},"46":{"start":{"line":106,"column":11},"end":{"line":106,"column":40}},"47":{"start":{"line":107,"column":11},"end":{"line":107,"column":33}},"48":{"start":{"line":111,"column":4},"end":{"line":125,"column":6}},"49":{"start":{"line":112,"column":22},"end":{"line":112,"column":39}},"50":{"start":{"line":113,"column":8},"end":{"line":113,"column":45}},"51":{"start":{"line":113,"column":20},"end":{"line":113,"column":45}},"52":{"start":{"line":114,"column":8},"end":{"line":124,"column":9}},"53":{"start":{"line":115,"column":33},"end":{"line":115,"column":62}},"54":{"start":{"line":116,"column":12},"end":{"line":116,"column":39}},"55":{"start":{"line":117,"column":12},"end":{"line":119,"column":13}},"56":{"start":{"line":118,"column":16},"end":{"line":118,"column":95}},"57":{"start":{"line":120,"column":12},"end":{"line":120,"column":19}},"58":{"start":{"line":122,"column":12},"end":{"line":122,"column":37}},"59":{"start":{"line":123,"column":12},"end":{"line":123,"column":37}},"60":{"start":{"line":128,"column":0},"end":{"line":130,"column":3}},"61":{"start":{"line":129,"column":4},"end":{"line":129,"column":226}},"62":{"start":{"line":132,"column":0},"end":{"line":148,"column":2}},"63":{"start":{"line":136,"column":23},"end":{"line":136,"column":44}},"64":{"start":{"line":137,"column":8},"end":{"line":137,"column":108}},"65":{"start":{"line":137,"column":31},"end":{"line":137,"column":108}},"66":{"start":{"line":138,"column":35},"end":{"line":138,"column":43}},"67":{"start":{"line":139,"column":21},"end":{"line":139,"column":38}},"68":{"start":{"line":140,"column":8},"end":{"line":146,"column":9}},"69":{"start":{"line":141,"column":26},"end":{"line":141,"column":125}},"70":{"start":{"line":142,"column":12},"end":{"line":142,"column":93}},"71":{"start":{"line":143,"column":12},"end":{"line":143,"column":39}},"72":{"start":{"line":145,"column":12},"end":{"line":145,"column":73}},"73":{"start":{"line":150,"column":0},"end":{"line":153,"column":3}},"74":{"start":{"line":151,"column":28},"end":{"line":151,"column":39}},"75":{"start":{"line":152,"column":4},"end":{"line":152,"column":56}},"76":{"start":{"line":155,"column":0},"end":{"line":164,"column":2}},"77":{"start":{"line":159,"column":23},"end":{"line":159,"column":44}},"78":{"start":{"line":160,"column":8},"end":{"line":160,"column":107}},"79":{"start":{"line":160,"column":31},"end":{"line":160,"column":107}},"80":{"start":{"line":161,"column":8},"end":{"line":161,"column":93}},"81":{"start":{"line":162,"column":8},"end":{"line":162,"column":35}},"82":{"start":{"line":166,"column":0},"end":{"line":171,"column":3}},"83":{"start":{"line":167,"column":15},"end":{"line":167,"column":48}},"84":{"start":{"line":168,"column":4},"end":{"line":168,"column":77}},"85":{"start":{"line":168,"column":34},"end":{"line":168,"column":77}},"86":{"start":{"line":169,"column":4},"end":{"line":169,"column":38}},"87":{"start":{"line":170,"column":4},"end":{"line":170,"column":31}},"88":{"start":{"line":173,"column":0},"end":{"line":186,"column":2}},"89":{"start":{"line":176,"column":23},"end":{"line":176,"column":44}},"90":{"start":{"line":177,"column":8},"end":{"line":177,"column":106}},"91":{"start":{"line":177,"column":31},"end":{"line":177,"column":106}},"92":{"start":{"line":178,"column":19},"end":{"line":178,"column":52}},"93":{"start":{"line":179,"column":8},"end":{"line":184,"column":9}},"94":{"start":{"line":180,"column":13},"end":{"line":180,"column":82}},"95":{"start":{"line":181,"column":12},"end":{"line":181,"column":39}},"96":{"start":{"line":183,"column":12},"end":{"line":183,"column":55}},"97":{"start":{"line":188,"column":0},"end":{"line":198,"column":2}},"98":{"start":{"line":192,"column":23},"end":{"line":192,"column":44}},"99":{"start":{"line":193,"column":8},"end":{"line":193,"column":110}},"100":{"start":{"line":193,"column":31},"end":{"line":193,"column":110}},"101":{"start":{"line":194,"column":37},"end":{"line":194,"column":90}},"102":{"start":{"line":195,"column":8},"end":{"line":195,"column":137}},"103":{"start":{"line":196,"column":8},"end":{"line":196,"column":35}},"104":{"start":{"line":200,"column":0},"end":{"line":205,"column":3}},"105":{"start":{"line":201,"column":20},"end":{"line":201,"column":93}},"106":{"start":{"line":201,"column":43},"end":{"line":201,"column":92}},"107":{"start":{"line":202,"column":4},"end":{"line":202,"column":60}},"108":{"start":{"line":202,"column":18},"end":{"line":202,"column":60}},"109":{"start":{"line":203,"column":4},"end":{"line":203,"column":38}},"110":{"start":{"line":204,"column":4},"end":{"line":204,"column":31}},"111":{"start":{"line":207,"column":0},"end":{"line":212,"column":3}},"112":{"start":{"line":208,"column":26},"end":{"line":208,"column":99}},"113":{"start":{"line":208,"column":49},"end":{"line":208,"column":98}},"114":{"start":{"line":209,"column":4},"end":{"line":209,"column":66}},"115":{"start":{"line":209,"column":24},"end":{"line":209,"column":66}},"116":{"start":{"line":210,"column":4},"end":{"line":210,"column":95}},"117":{"start":{"line":210,"column":44},"end":{"line":210,"column":93}},"118":{"start":{"line":211,"column":4},"end":{"line":211,"column":31}},"119":{"start":{"line":214,"column":0},"end":{"line":217,"column":3}},"120":{"start":{"line":215,"column":4},"end":{"line":215,"column":29}},"121":{"start":{"line":216,"column":4},"end":{"line":216,"column":22}},"122":{"start":{"line":219,"column":21},"end":{"line":228,"column":1}},"123":{"start":{"line":220,"column":4},"end":{"line":226,"column":5}},"124":{"start":{"line":221,"column":8},"end":{"line":225,"column":11}},"125":{"start":{"line":227,"column":4},"end":{"line":227,"column":80}},"126":{"start":{"line":230,"column":0},"end":{"line":230,"column":22}},"127":{"start":{"line":232,"column":0},"end":{"line":232,"column":19}}},"fnMap":{"0":{"name":"(anonymous_1)","decl":{"start":{"line":31,"column":8},"end":{"line":31,"column":9}},"loc":{"start":{"line":31,"column":27},"end":{"line":35,"column":1}}},"1":{"name":"(anonymous_2)","decl":{"start":{"line":61,"column":4},"end":{"line":61,"column":16}},"loc":{"start":{"line":61,"column":49},"end":{"line":67,"column":5}}},"2":{"name":"(anonymous_3)","decl":{"start":{"line":70,"column":4},"end":{"line":70,"column":16}},"loc":{"start":{"line":70,"column":36},"end":{"line":70,"column":82}}},"3":{"name":"(anonymous_4)","decl":{"start":{"line":73,"column":4},"end":{"line":73,"column":16}},"loc":{"start":{"line":73,"column":51},"end":{"line":73,"column":99}}},"4":{"name":"(anonymous_5)","decl":{"start":{"line":76,"column":4},"end":{"line":76,"column":16}},"loc":{"start":{"line":76,"column":41},"end":{"line":76,"column":67}}},"5":{"name":"(anonymous_6)","decl":{"start":{"line":80,"column":4},"end":{"line":80,"column":24}},"loc":{"start":{"line":80,"column":62},"end":{"line":80,"column":66}}},"6":{"name":"(anonymous_7)","decl":{"start":{"line":81,"column":11},"end":{"line":81,"column":18}},"loc":{"start":{"line":81,"column":18},"end":{"line":81,"column":77}}},"7":{"name":"(anonymous_8)","decl":{"start":{"line":87,"column":4},"end":{"line":87,"column":16}},"loc":{"start":{"line":87,"column":136},"end":{"line":87,"column":155}}},"8":{"name":"(anonymous_9)","decl":{"start":{"line":88,"column":4},"end":{"line":88,"column":15}},"loc":{"start":{"line":88,"column":24},"end":{"line":88,"column":46}}},"9":{"name":"(anonymous_10)","decl":{"start":{"line":89,"column":4},"end":{"line":89,"column":15}},"loc":{"start":{"line":89,"column":21},"end":{"line":89,"column":47}}},"10":{"name":"(anonymous_11)","decl":{"start":{"line":90,"column":4},"end":{"line":90,"column":15}},"loc":{"start":{"line":90,"column":41},"end":{"line":90,"column":73}}},"11":{"name":"(anonymous_12)","decl":{"start":{"line":91,"column":11},"end":{"line":91,"column":17}},"loc":{"start":{"line":91,"column":17},"end":{"line":93,"column":5}}},"12":{"name":"(anonymous_13)","decl":{"start":{"line":92,"column":147},"end":{"line":92,"column":148}},"loc":{"start":{"line":92,"column":152},"end":{"line":92,"column":163}}},"13":{"name":"requiereRol","decl":{"start":{"line":110,"column":9},"end":{"line":110,"column":20}},"loc":{"start":{"line":110,"column":46},"end":{"line":126,"column":1}}},"14":{"name":"(anonymous_15)","decl":{"start":{"line":111,"column":11},"end":{"line":111,"column":12}},"loc":{"start":{"line":111,"column":67},"end":{"line":125,"column":5}}},"15":{"name":"(anonymous_16)","decl":{"start":{"line":128,"column":13},"end":{"line":128,"column":14}},"loc":{"start":{"line":128,"column":26},"end":{"line":130,"column":1}}},"16":{"name":"(anonymous_17)","decl":{"start":{"line":135,"column":4},"end":{"line":135,"column":5}},"loc":{"start":{"line":135,"column":56},"end":{"line":147,"column":5}}},"17":{"name":"(anonymous_18)","decl":{"start":{"line":150,"column":68},"end":{"line":150,"column":69}},"loc":{"start":{"line":150,"column":94},"end":{"line":153,"column":1}}},"18":{"name":"(anonymous_19)","decl":{"start":{"line":158,"column":4},"end":{"line":158,"column":5}},"loc":{"start":{"line":158,"column":56},"end":{"line":163,"column":5}}},"19":{"name":"(anonymous_20)","decl":{"start":{"line":166,"column":59},"end":{"line":166,"column":60}},"loc":{"start":{"line":166,"column":111},"end":{"line":171,"column":1}}},"20":{"name":"(anonymous_21)","decl":{"start":{"line":175,"column":4},"end":{"line":175,"column":5}},"loc":{"start":{"line":175,"column":56},"end":{"line":185,"column":5}}},"21":{"name":"(anonymous_22)","decl":{"start":{"line":191,"column":4},"end":{"line":191,"column":5}},"loc":{"start":{"line":191,"column":60},"end":{"line":197,"column":5}}},"22":{"name":"(anonymous_23)","decl":{"start":{"line":200,"column":69},"end":{"line":200,"column":70}},"loc":{"start":{"line":200,"column":121},"end":{"line":205,"column":1}}},"23":{"name":"(anonymous_24)","decl":{"start":{"line":201,"column":38},"end":{"line":201,"column":39}},"loc":{"start":{"line":201,"column":43},"end":{"line":201,"column":92}}},"24":{"name":"(anonymous_25)","decl":{"start":{"line":207,"column":70},"end":{"line":207,"column":71}},"loc":{"start":{"line":207,"column":122},"end":{"line":212,"column":1}}},"25":{"name":"(anonymous_26)","decl":{"start":{"line":208,"column":44},"end":{"line":208,"column":45}},"loc":{"start":{"line":208,"column":49},"end":{"line":208,"column":98}}},"26":{"name":"(anonymous_27)","decl":{"start":{"line":210,"column":39},"end":{"line":210,"column":40}},"loc":{"start":{"line":210,"column":44},"end":{"line":210,"column":93}}},"27":{"name":"(anonymous_28)","decl":{"start":{"line":214,"column":19},"end":{"line":214,"column":20}},"loc":{"start":{"line":214,"column":32},"end":{"line":217,"column":1}}},"28":{"name":"(anonymous_29)","decl":{"start":{"line":219,"column":21},"end":{"line":219,"column":22}},"loc":{"start":{"line":219,"column":83},"end":{"line":228,"column":1}}}},"branchMap":{"0":{"loc":{"start":{"line":46,"column":9},"end":{"line":46,"column":52}},"type":"cond-expr","locations":[{"start":{"line":46,"column":43},"end":{"line":46,"column":47}},{"start":{"line":46,"column":50},"end":{"line":46,"column":52}}]},"1":{"loc":{"start":{"line":61,"column":33},"end":{"line":61,"column":49}},"type":"default-arg","locations":[{"start":{"line":61,"column":46},"end":{"line":61,"column":49}}]},"2":{"loc":{"start":{"line":66,"column":8},"end":{"line":66,"column":85}},"type":"if","locations":[{"start":{"line":66,"column":8},"end":{"line":66,"column":85}},{"start":{},"end":{}}]},"3":{"loc":{"start":{"line":70,"column":16},"end":{"line":70,"column":36}},"type":"default-arg","locations":[{"start":{"line":70,"column":27},"end":{"line":70,"column":36}}]},"4":{"loc":{"start":{"line":73,"column":33},"end":{"line":73,"column":51}},"type":"default-arg","locations":[{"start":{"line":73,"column":49},"end":{"line":73,"column":51}}]},"5":{"loc":{"start":{"line":76,"column":16},"end":{"line":76,"column":41}},"type":"default-arg","locations":[{"start":{"line":76,"column":26},"end":{"line":76,"column":41}}]},"6":{"loc":{"start":{"line":113,"column":8},"end":{"line":113,"column":45}},"type":"if","locations":[{"start":{"line":113,"column":8},"end":{"line":113,"column":45}},{"start":{},"end":{}}]},"7":{"loc":{"start":{"line":117,"column":12},"end":{"line":119,"column":13}},"type":"if","locations":[{"start":{"line":117,"column":12},"end":{"line":119,"column":13}},{"start":{},"end":{}}]},"8":{"loc":{"start":{"line":137,"column":8},"end":{"line":137,"column":108}},"type":"if","locations":[{"start":{"line":137,"column":8},"end":{"line":137,"column":108}},{"start":{},"end":{}}]},"9":{"loc":{"start":{"line":140,"column":8},"end":{"line":146,"column":9}},"type":"if","locations":[{"start":{"line":140,"column":8},"end":{"line":146,"column":9}},{"start":{"line":144,"column":15},"end":{"line":146,"column":9}}]},"10":{"loc":{"start":{"line":140,"column":12},"end":{"line":140,"column":40}},"type":"binary-expr","locations":[{"start":{"line":140,"column":12},"end":{"line":140,"column":16}},{"start":{"line":140,"column":20},"end":{"line":140,"column":40}}]},"11":{"loc":{"start":{"line":160,"column":8},"end":{"line":160,"column":107}},"type":"if","locations":[{"start":{"line":160,"column":8},"end":{"line":160,"column":107}},{"start":{},"end":{}}]},"12":{"loc":{"start":{"line":168,"column":4},"end":{"line":168,"column":77}},"type":"if","locations":[{"start":{"line":168,"column":4},"end":{"line":168,"column":77}},{"start":{},"end":{}}]},"13":{"loc":{"start":{"line":177,"column":8},"end":{"line":177,"column":106}},"type":"if","locations":[{"start":{"line":177,"column":8},"end":{"line":177,"column":106}},{"start":{},"end":{}}]},"14":{"loc":{"start":{"line":179,"column":8},"end":{"line":184,"column":9}},"type":"if","locations":[{"start":{"line":179,"column":8},"end":{"line":184,"column":9}},{"start":{"line":182,"column":15},"end":{"line":184,"column":9}}]},"15":{"loc":{"start":{"line":193,"column":8},"end":{"line":193,"column":110}},"type":"if","locations":[{"start":{"line":193,"column":8},"end":{"line":193,"column":110}},{"start":{},"end":{}}]},"16":{"loc":{"start":{"line":202,"column":4},"end":{"line":202,"column":60}},"type":"if","locations":[{"start":{"line":202,"column":4},"end":{"line":202,"column":60}},{"start":{},"end":{}}]},"17":{"loc":{"start":{"line":209,"column":4},"end":{"line":209,"column":66}},"type":"if","locations":[{"start":{"line":209,"column":4},"end":{"line":209,"column":66}},{"start":{},"end":{}}]},"18":{"loc":{"start":{"line":220,"column":4},"end":{"line":226,"column":5}},"type":"if","locations":[{"start":{"line":220,"column":4},"end":{"line":226,"column":5}},{"start":{},"end":{}}]},"19":{"loc":{"start":{"line":220,"column":8},"end":{"line":220,"column":52}},"type":"binary-expr","locations":[{"start":{"line":220,"column":8},"end":{"line":220,"column":31}},{"start":{"line":220,"column":35},"end":{"line":220,"column":52}}]},"20":{"loc":{"start":{"line":224,"column":16},"end":{"line":224,"column":52}},"type":"binary-expr","locations":[{"start":{"line":224,"column":16},"end":{"line":224,"column":26}},{"start":{"line":224,"column":30},"end":{"line":224,"column":52}}]}},"s":{"0":1,"1":1,"2":1,"3":1,"4":1,"5":1,"6":1,"7":1,"8":1,"9":1,"10":1,"11":19,"12":19,"13":19,"14":1,"15":1,"16":1,"17":1,"18":1,"19":1,"20":6,"21":6,"22":6,"23":6,"24":6,"25":6,"26":1,"27":2,"28":2,"29":3,"30":3,"31":3,"32":0,"33":0,"34":0,"35":0,"36":0,"37":0,"38":0,"39":0,"40":0,"41":0,"42":0,"43":0,"44":1,"45":1,"46":1,"47":1,"48":7,"49":10,"50":10,"51":1,"52":9,"53":9,"54":8,"55":8,"56":1,"57":7,"58":1,"59":1,"60":1,"61":1,"62":1,"63":7,"64":7,"65":1,"66":6,"67":6,"68":6,"69":4,"70":4,"71":4,"72":2,"73":1,"74":3,"75":3,"76":1,"77":2,"78":2,"79":1,"80":1,"81":1,"82":1,"83":2,"84":2,"85":1,"86":1,"87":1,"88":1,"89":0,"90":0,"91":0,"92":0,"93":0,"94":0,"95":0,"96":0,"97":1,"98":0,"99":0,"100":0,"101":0,"102":0,"103":0,"104":1,"105":0,"106":0,"107":0,"108":0,"109":0,"110":0,"111":1,"112":0,"113":0,"114":0,"115":0,"116":0,"117":0,"118":0,"119":1,"120":1,"121":1,"122":1,"123":6,"124":6,"125":0,"126":1,"127":1},"f":{"0":19,"1":6,"2":1,"3":2,"4":3,"5":3,"6":0,"7":0,"8":0,"9":0,"10":0,"11":0,"12":0,"13":7,"14":10,"15":1,"16":7,"17":3,"18":2,"19":2,"20":0,"21":0,"22":0,"23":0,"24":0,"25":0,"26":0,"27":1,"28":6},"b":{"0":[1,0],"1":[0],"2":[6,0],"3":[0],"4":[0],"5":[0],"6":[1,9],"7":[1,7],"8":[1,6],"9":[4,2],"10":[6,5],"11":[1,1],"12":[1,1],"13":[0,0],"14":[0,0],"15":[0,0],"16":[0,0],"17":[0,0],"18":[6,0],"19":[6,6],"20":[6,2]}}
}
