TN:
SF:app.ts
FN:31,(anonymous_1)
FN:61,(anonymous_2)
FN:70,(anonymous_3)
FN:73,(anonymous_4)
FN:76,(anonymous_5)
FN:80,(anonymous_6)
FN:81,(anonymous_7)
FN:87,(anonymous_8)
FN:88,(anonymous_9)
FN:89,(anonymous_10)
FN:90,(anonymous_11)
FN:91,(anonymous_12)
FN:92,(anonymous_13)
FN:110,requiereRol
FN:111,(anonymous_15)
FN:128,(anonymous_16)
FN:135,(anonymous_17)
FN:150,(anonymous_18)
FN:158,(anonymous_19)
FN:166,(anonymous_20)
FN:175,(anonymous_21)
FN:191,(anonymous_22)
FN:200,(anonymous_23)
FN:201,(anonymous_24)
FN:207,(anonymous_25)
FN:208,(anonymous_26)
FN:210,(anonymous_27)
FN:214,(anonymous_28)
FN:219,(anonymous_29)
FNF:29
FNH:15
FNDA:19,(anonymous_1)
FNDA:6,(anonymous_2)
FNDA:1,(anonymous_3)
FNDA:2,(anonymous_4)
FNDA:3,(anonymous_5)
FNDA:3,(anonymous_6)
FNDA:0,(anonymous_7)
FNDA:0,(anonymous_8)
FNDA:0,(anonymous_9)
FNDA:0,(anonymous_10)
FNDA:0,(anonymous_11)
FNDA:0,(anonymous_12)
FNDA:0,(anonymous_13)
FNDA:7,requiereRol
FNDA:10,(anonymous_15)
FNDA:1,(anonymous_16)
FNDA:7,(anonymous_17)
FNDA:3,(anonymous_18)
FNDA:2,(anonymous_19)
FNDA:2,(anonymous_20)
FNDA:0,(anonymous_21)
FNDA:0,(anonymous_22)
FNDA:0,(anonymous_23)
FNDA:0,(anonymous_24)
FNDA:0,(anonymous_25)
FNDA:0,(anonymous_26)
FNDA:0,(anonymous_27)
FNDA:1,(anonymous_28)
FNDA:6,(anonymous_29)
DA:1,1
DA:2,1
DA:3,1
DA:4,1
DA:5,1
DA:6,1
DA:7,1
DA:9,1
DA:10,1
DA:12,1
DA:31,1
DA:32,19
DA:33,19
DA:34,19
DA:37,1
DA:44,1
DA:51,1
DA:53,1
DA:54,1
DA:55,1
DA:62,6
DA:63,6
DA:64,6
DA:65,6
DA:66,6
DA:70,1
DA:73,2
DA:76,3
DA:80,3
DA:81,0
DA:86,0
DA:87,0
DA:88,0
DA:89,0
DA:90,0
DA:92,0
DA:96,1
DA:102,1
DA:106,1
DA:107,1
DA:111,7
DA:112,10
DA:113,10
DA:114,9
DA:115,9
DA:116,8
DA:117,8
DA:118,1
DA:120,7
DA:122,1
DA:123,1
DA:128,1
DA:129,1
DA:132,1
DA:136,7
DA:137,7
DA:138,6
DA:139,6
DA:140,6
DA:141,4
DA:142,4
DA:143,4
DA:145,2
DA:150,1
DA:151,3
DA:152,3
DA:155,1
DA:159,2
DA:160,2
DA:161,1
DA:162,1
DA:166,1
DA:167,2
DA:168,2
DA:169,1
DA:170,1
DA:173,1
DA:176,0
DA:177,0
DA:178,0
DA:179,0
DA:180,0
DA:181,0
DA:183,0
DA:188,1
DA:192,0
DA:193,0
DA:194,0
DA:195,0
DA:196,0
DA:200,1
DA:201,0
DA:202,0
DA:203,0
DA:204,0
DA:207,1
DA:208,0
DA:209,0
DA:210,0
DA:211,0
DA:214,1
DA:215,1
DA:216,1
DA:219,1
DA:220,6
DA:221,6
DA:227,0
DA:230,1
DA:232,1
LF:109
LH:81
BRDA:46,0,0,1
BRDA:46,0,1,0
BRDA:61,1,0,0
BRDA:66,2,0,6
BRDA:66,2,1,0
BRDA:70,3,0,0
BRDA:73,4,0,0
BRDA:76,5,0,0
BRDA:113,6,0,1
BRDA:113,6,1,9
BRDA:117,7,0,1
BRDA:117,7,1,7
BRDA:137,8,0,1
BRDA:137,8,1,6
BRDA:140,9,0,4
BRDA:140,9,1,2
BRDA:140,10,0,6
BRDA:140,10,1,5
BRDA:160,11,0,1
BRDA:160,11,1,1
BRDA:168,12,0,1
BRDA:168,12,1,1
BRDA:177,13,0,0
BRDA:177,13,1,0
BRDA:179,14,0,0
BRDA:179,14,1,0
BRDA:193,15,0,0
BRDA:193,15,1,0
BRDA:202,16,0,0
BRDA:202,16,1,0
BRDA:209,17,0,0
BRDA:209,17,1,0
BRDA:220,18,0,6
BRDA:220,18,1,0
BRDA:220,19,0,6
BRDA:220,19,1,6
BRDA:224,20,0,6
BRDA:224,20,1,2
BRF:38
BRH:21
end_of_record
